# JRE version: Java(TM) SE Runtime Environment (23.0.1+11) (build 23.0.1+11-39)
# Java VM: Java HotSpot(TM) 64-Bit Server VM (23.0.1+11-39, mixed mode, sharing, tiered, compressed oops, compressed class ptrs, g1 gc, windows-amd64)
GC Precious Log:
 CardTable entry size: 512
 Card Set container configuration: InlinePtr #cards 5 size 8 Array Of Cards #cards 10 size 36 Howl #buckets 4 coarsen threshold 1843 Howl Bitmap #cards 512 size 80 coarsen threshold 460 Card regions per heap region 1 cards per card region 2048
 CPUs: 8 total, 8 available
 Memory: 7413M
 Large Page Support: Disabled
 NUMA Support: Disabled
 Compressed Oops: Enabled (32-bit)
 Heap Region Size: 1M
 Heap Min Capacity: 8M
 Heap Initial Capacity: 116M
 Heap Max Capacity: 2G
 Pre-touch: Disabled
 Parallel Workers: 8
 Concurrent Workers: 2
 Concurrent Refinement Workers: 8
 Periodic GC: Disabled
Heap:
 garbage-first heap   total reserved 2097152K, committed 148480K, used 104023K [0x0000000080000000, 0x0000000100000000)
  region size 1024K, 14 young (14336K), 5 survivors (5120K)
 Metaspace       used 76674K, committed 78912K, reserved 557056K
  class space    used 11234K, committed 12288K, reserved 425984K
GC Heap History (20 events):
Event: 69.508 GC heap before
{Heap before GC invocations=21 (full 0):
 garbage-first heap   total reserved 2097152K, committed 112640K, used 88509K [0x0000000080000000, 0x0000000100000000)
  region size 1024K, 24 young (24576K), 2 survivors (2048K)
 Metaspace       used 65910K, committed 67904K, reserved 491520K
  class space    used 9703K, committed 10624K, reserved 425984K
}
Event: 69.512 GC heap after
{Heap after GC invocations=22 (full 0):
 garbage-first heap   total reserved 2097152K, committed 112640K, used 68159K [0x0000000080000000, 0x0000000100000000)
  region size 1024K, 1 young (1024K), 1 survivors (1024K)
 Metaspace       used 65910K, committed 67904K, reserved 491520K
  class space    used 9703K, committed 10624K, reserved 425984K
}
Event: 70.901 GC heap before
{Heap before GC invocations=22 (full 0):
 garbage-first heap   total reserved 2097152K, committed 112640K, used 103999K [0x0000000080000000, 0x0000000100000000)
  region size 1024K, 37 young (37888K), 1 survivors (1024K)
 Metaspace       used 67698K, committed 69696K, reserved 491520K
  class space    used 9944K, committed 10880K, reserved 425984K
}
Event: 70.906 GC heap after
{Heap after GC invocations=23 (full 0):
 garbage-first heap   total reserved 2097152K, committed 112640K, used 69660K [0x0000000080000000, 0x0000000100000000)
  region size 1024K, 4 young (4096K), 4 survivors (4096K)
 Metaspace       used 67698K, committed 69696K, reserved 491520K
  class space    used 9944K, committed 10880K, reserved 425984K
}
Event: 72.870 GC heap before
{Heap before GC invocations=23 (full 0):
 garbage-first heap   total reserved 2097152K, committed 112640K, used 101404K [0x0000000080000000, 0x0000000100000000)
  region size 1024K, 35 young (35840K), 4 survivors (4096K)
 Metaspace       used 69218K, committed 71232K, reserved 491520K
  class space    used 10145K, committed 11072K, reserved 425984K
}
Event: 72.876 GC heap after
{Heap after GC invocations=24 (full 0):
 garbage-first heap   total reserved 2097152K, committed 112640K, used 72581K [0x0000000080000000, 0x0000000100000000)
  region size 1024K, 5 young (5120K), 5 survivors (5120K)
 Metaspace       used 69218K, committed 71232K, reserved 491520K
  class space    used 10145K, committed 11072K, reserved 425984K
}
Event: 74.194 GC heap before
{Heap before GC invocations=25 (full 0):
 garbage-first heap   total reserved 2097152K, committed 121856K, used 100229K [0x0000000080000000, 0x0000000100000000)
  region size 1024K, 32 young (32768K), 5 survivors (5120K)
 Metaspace       used 71398K, committed 73472K, reserved 491520K
  class space    used 10463K, committed 11456K, reserved 425984K
}
Event: 74.200 GC heap after
{Heap after GC invocations=26 (full 0):
 garbage-first heap   total reserved 2097152K, committed 121856K, used 75078K [0x0000000080000000, 0x0000000100000000)
  region size 1024K, 3 young (3072K), 3 survivors (3072K)
 Metaspace       used 71398K, committed 73472K, reserved 491520K
  class space    used 10463K, committed 11456K, reserved 425984K
}
Event: 78.031 GC heap before
{Heap before GC invocations=26 (full 0):
 garbage-first heap   total reserved 2097152K, committed 121856K, used 109894K [0x0000000080000000, 0x0000000100000000)
  region size 1024K, 38 young (38912K), 3 survivors (3072K)
 Metaspace       used 74367K, committed 76480K, reserved 491520K
  class space    used 10992K, committed 12032K, reserved 425984K
}
Event: 78.042 GC heap after
{Heap after GC invocations=27 (full 0):
 garbage-first heap   total reserved 2097152K, committed 121856K, used 76800K [0x0000000080000000, 0x0000000100000000)
  region size 1024K, 5 young (5120K), 5 survivors (5120K)
 Metaspace       used 74367K, committed 76480K, reserved 491520K
  class space    used 10992K, committed 12032K, reserved 425984K
}
Event: 79.300 GC heap before
{Heap before GC invocations=27 (full 0):
 garbage-first heap   total reserved 2097152K, committed 121856K, used 108544K [0x0000000080000000, 0x0000000100000000)
  region size 1024K, 37 young (37888K), 5 survivors (5120K)
 Metaspace       used 75685K, committed 77952K, reserved 557056K
  class space    used 11160K, committed 12224K, reserved 425984K
}
Event: 79.310 GC heap after
{Heap after GC invocations=28 (full 0):
 garbage-first heap   total reserved 2097152K, committed 121856K, used 80840K [0x0000000080000000, 0x0000000100000000)
  region size 1024K, 4 young (4096K), 4 survivors (4096K)
 Metaspace       used 75685K, committed 77952K, reserved 557056K
  class space    used 11160K, committed 12224K, reserved 425984K
}
Event: 81.070 GC heap before
{Heap before GC invocations=29 (full 0):
 garbage-first heap   total reserved 2097152K, committed 137216K, used 108488K [0x0000000080000000, 0x0000000100000000)
  region size 1024K, 31 young (31744K), 4 survivors (4096K)
 Metaspace       used 76274K, committed 78528K, reserved 557056K
  class space    used 11188K, committed 12224K, reserved 425984K
}
Event: 81.076 GC heap after
{Heap after GC invocations=30 (full 0):
 garbage-first heap   total reserved 2097152K, committed 137216K, used 84108K [0x0000000080000000, 0x0000000100000000)
  region size 1024K, 4 young (4096K), 4 survivors (4096K)
 Metaspace       used 76274K, committed 78528K, reserved 557056K
  class space    used 11188K, committed 12224K, reserved 425984K
}
Event: 81.738 GC heap before
{Heap before GC invocations=30 (full 0):
 garbage-first heap   total reserved 2097152K, committed 137216K, used 123020K [0x0000000080000000, 0x0000000100000000)
  region size 1024K, 43 young (44032K), 4 survivors (4096K)
 Metaspace       used 76385K, committed 78592K, reserved 557056K
  class space    used 11188K, committed 12224K, reserved 425984K
}
Event: 81.745 GC heap after
{Heap after GC invocations=31 (full 0):
 garbage-first heap   total reserved 2097152K, committed 137216K, used 85930K [0x0000000080000000, 0x0000000100000000)
  region size 1024K, 6 young (6144K), 6 survivors (6144K)
 Metaspace       used 76385K, committed 78592K, reserved 557056K
  class space    used 11188K, committed 12224K, reserved 425984K
}
Event: 82.266 GC heap before
{Heap before GC invocations=31 (full 0):
 garbage-first heap   total reserved 2097152K, committed 137216K, used 121770K [0x0000000080000000, 0x0000000100000000)
  region size 1024K, 42 young (43008K), 6 survivors (6144K)
 Metaspace       used 76394K, committed 78592K, reserved 557056K
  class space    used 11188K, committed 12224K, reserved 425984K
}
Event: 82.272 GC heap after
{Heap after GC invocations=32 (full 0):
 garbage-first heap   total reserved 2097152K, committed 137216K, used 87708K [0x0000000080000000, 0x0000000100000000)
  region size 1024K, 5 young (5120K), 5 survivors (5120K)
 Metaspace       used 76394K, committed 78592K, reserved 557056K
  class space    used 11188K, committed 12224K, reserved 425984K
}
Event: 84.139 GC heap before
{Heap before GC invocations=33 (full 0):
 garbage-first heap   total reserved 2097152K, committed 148480K, used 124572K [0x0000000080000000, 0x0000000100000000)
  region size 1024K, 39 young (39936K), 5 survivors (5120K)
 Metaspace       used 76418K, committed 78656K, reserved 557056K
  class space    used 11191K, committed 12224K, reserved 425984K
}
Event: 84.144 GC heap after
{Heap after GC invocations=34 (full 0):
 garbage-first heap   total reserved 2097152K, committed 148480K, used 93783K [0x0000000080000000, 0x0000000100000000)
  region size 1024K, 5 young (5120K), 5 survivors (5120K)
 Metaspace       used 76418K, committed 78656K, reserved 557056K
  class space    used 11191K, committed 12224K, reserved 425984K
}

